<?xml version="1.0" encoding="UTF-8"?>
<testng-results skipped="0" failed="0" total="5" passed="5">
  <reporter-output>
  </reporter-output>
  <suite name="LogSheet Demo" duration-ms="39703" started-at="2016-03-29T03:10:29Z" finished-at="2016-03-29T03:11:09Z">
    <groups>
    </groups>
    <test name="NavToLogSheet" duration-ms="39703" started-at="2016-03-29T03:10:29Z" finished-at="2016-03-29T03:11:09Z">
      <class name="com.trane.display.test.TestLogSheet">
        <test-method status="PASS" signature="clickReports()[pri:0, instance:com.trane.display.test.TestLogSheet@160afa0d]" name="clickReports" duration-ms="6160" started-at="2016-03-29T11:10:29Z" finished-at="2016-03-29T11:10:35Z">
          <reporter-output>
          </reporter-output>
        </test-method> <!-- clickReports -->
        <test-method status="PASS" signature="verifyBtnReportsClicked()[pri:0, instance:com.trane.display.test.TestLogSheet@160afa0d]" name="verifyBtnReportsClicked" duration-ms="6086" started-at="2016-03-29T11:10:35Z" finished-at="2016-03-29T11:10:41Z">
          <reporter-output>
          </reporter-output>
        </test-method> <!-- verifyBtnReportsClicked -->
        <test-method status="PASS" signature="clickLogSheet()[pri:0, instance:com.trane.display.test.TestLogSheet@160afa0d]" name="clickLogSheet" duration-ms="15245" started-at="2016-03-29T11:10:41Z" finished-at="2016-03-29T11:10:57Z">
          <reporter-output>
          </reporter-output>
        </test-method> <!-- clickLogSheet -->
        <test-method status="PASS" signature="verifyBtnLogSheetClicked()[pri:0, instance:com.trane.display.test.TestLogSheet@160afa0d]" name="verifyBtnLogSheetClicked" duration-ms="12164" started-at="2016-03-29T11:10:57Z" finished-at="2016-03-29T11:11:09Z">
          <reporter-output>
          </reporter-output>
        </test-method> <!-- verifyBtnLogSheetClicked -->
        <test-method status="PASS" signature="tearDown()[pri:0, instance:com.trane.display.test.TestLogSheet@160afa0d]" name="tearDown" duration-ms="17" started-at="2016-03-29T11:11:09Z" finished-at="2016-03-29T11:11:09Z">
          <reporter-output>
          </reporter-output>
        </test-method> <!-- tearDown -->
      </class> <!-- com.trane.display.test.TestLogSheet -->
    </test> <!-- NavToLogSheet -->
  </suite> <!-- LogSheet Demo -->
</testng-results>
